<?xml version="1.0" encoding="UTF-8"?>
<testng-results skipped="0" failed="0" total="1" passed="1">
  <reporter-output>
  </reporter-output>
  <suite name="Default suite" duration-ms="951" started-at="2018-02-18T03:38:49Z" finished-at="2018-02-18T03:38:50Z">
    <groups>
    </groups>
    <test name="Default test" duration-ms="951" started-at="2018-02-18T03:38:49Z" finished-at="2018-02-18T03:38:50Z">
      <class name="excelprac.Testdata3">
        <test-method status="PASS" signature="testing()[pri:0, instance:excelprac.Testdata3@3532ec19]" name="testing" duration-ms="932" started-at="2018-02-17T22:38:49Z" finished-at="2018-02-17T22:38:50Z">
          <reporter-output>
          </reporter-output>
        </test-method> <!-- testing -->
      </class> <!-- excelprac.Testdata3 -->
    </test> <!-- Default test -->
  </suite> <!-- Default suite -->
</testng-results>
